<?xml version="1.0" encoding="UTF-8"?>
<!-- Generated by org.testng.reporters.JUnitReportReporter -->
<testsuite hostname="LIN76001689" failures="0" tests="1" name="com.actions.Actions_demo" time="0.544" errors="0" timestamp="2023-05-22T16:23:55 IST" skipped="0">
  <testcase classname="com.actions.Actions_demo" name="qafox" time="0.544"/>
  <system-out/>
</testsuite> <!-- com.actions.Actions_demo -->
