<?xml version="1.0" encoding="UTF-8"?>
<!-- Generated by org.testng.reporters.JUnitReportReporter -->
<testsuite hostname="LIN76001689" failures="0" tests="1" name="com.hdfcnetbanking.frames.HdfcNetBanking" time="3.245" errors="0" timestamp="2023-05-18T10:00:49 IST" skipped="0">
  <testcase classname="com.hdfcnetbanking.frames.HdfcNetBanking" name="frames" time="3.245"/>
  <system-out/>
</testsuite> <!-- com.hdfcnetbanking.frames.HdfcNetBanking -->
