<?xml version="1.0" encoding="UTF-8"?>
<!-- Generated by org.testng.reporters.JUnitReportReporter -->
<testsuite hostname="LIN76001689" failures="0" tests="1" name="com.frames.Frames" time="8.684" errors="0" timestamp="2023-05-18T16:58:05 IST" skipped="0">
  <testcase classname="com.frames.Frames" name="frames" time="8.684"/>
  <system-out/>
</testsuite> <!-- com.frames.Frames -->
