<?xml version="1.0" encoding="UTF-8"?>
<!-- Generated by org.testng.reporters.JUnitReportReporter -->
<testsuite hostname="LIN76001689" failures="0" tests="1" name="com.draganddrop.DragAndDrop" time="2.368" errors="0" timestamp="2023-05-18T16:58:05 IST" skipped="0">
  <testcase classname="com.draganddrop.DragAndDrop" name="dragAndDrop" time="2.368"/>
  <system-out/>
</testsuite> <!-- com.draganddrop.DragAndDrop -->
