<?xml version="1.0" encoding="UTF-8"?>
<!-- Generated by org.testng.reporters.JUnitReportReporter -->
<testsuite hostname="LIN76001689" failures="0" tests="1" name="com.actions.Actions" time="0.862" errors="0" timestamp="2023-05-18T12:09:07 IST" skipped="0">
  <testcase classname="com.actions.Actions" name="qafox" time="0.862"/>
  <system-out/>
</testsuite> <!-- com.actions.Actions -->
