<?xml version="1.0" encoding="UTF-8"?>
<!-- Generated by org.testng.reporters.JUnitReportReporter -->
<testsuite hostname="LIN76001689" failures="0" tests="1" name="com.alert.AlertDemo" time="9.515" errors="0" timestamp="2023-05-19T11:43:37 IST" skipped="0">
  <testcase classname="com.alert.AlertDemo" name="alertDemo" time="9.515"/>
  <system-out/>
</testsuite> <!-- com.alert.AlertDemo -->
