<?xml version="1.0" encoding="UTF-8"?>
<!-- Generated by org.testng.reporters.JUnitReportReporter -->
<testsuite hostname="LIN76001689" failures="0" tests="3" name="com.orangehrm.OrangeHrm" time="9.570" errors="0" timestamp="2023-05-10T16:10:07 IST" skipped="0">
  <testcase classname="com.orangehrm.OrangeHrm" name="login" time="4.042"/>
  <system-out/>
  <testcase classname="com.orangehrm.OrangeHrm" name="pim_link" time="1.937"/>
  <system-out/>
  <testcase classname="com.orangehrm.OrangeHrm" name="add_employee" time="3.591"/>
  <system-out/>
</testsuite> <!-- com.orangehrm.OrangeHrm -->
